mode: set
github.com/hisamcode/try-testing-go/webapp/cmd/web/forms.go:10.47,12.26 2 1
github.com/hisamcode/try-testing-go/webapp/cmd/web/forms.go:12.26,14.3 1 1
github.com/hisamcode/try-testing-go/webapp/cmd/web/forms.go:16.2,16.22 1 1
github.com/hisamcode/try-testing-go/webapp/cmd/web/forms.go:19.49,21.2 1 1
github.com/hisamcode/try-testing-go/webapp/cmd/web/forms.go:28.37,33.2 1 1
github.com/hisamcode/try-testing-go/webapp/cmd/web/forms.go:35.39,38.2 2 1
github.com/hisamcode/try-testing-go/webapp/cmd/web/forms.go:40.43,41.31 1 1
github.com/hisamcode/try-testing-go/webapp/cmd/web/forms.go:41.31,43.37 2 1
github.com/hisamcode/try-testing-go/webapp/cmd/web/forms.go:43.37,45.4 1 1
github.com/hisamcode/try-testing-go/webapp/cmd/web/forms.go:49.52,50.9 1 1
github.com/hisamcode/try-testing-go/webapp/cmd/web/forms.go:50.9,52.3 1 1
github.com/hisamcode/try-testing-go/webapp/cmd/web/forms.go:55.29,57.2 1 1
github.com/hisamcode/try-testing-go/webapp/cmd/web/handlers.go:15.70,18.45 2 1
github.com/hisamcode/try-testing-go/webapp/cmd/web/handlers.go:18.45,21.3 2 1
github.com/hisamcode/try-testing-go/webapp/cmd/web/handlers.go:21.8,23.3 1 1
github.com/hisamcode/try-testing-go/webapp/cmd/web/handlers.go:25.2,25.67 1 1
github.com/hisamcode/try-testing-go/webapp/cmd/web/handlers.go:33.108,36.16 2 1
github.com/hisamcode/try-testing-go/webapp/cmd/web/handlers.go:36.16,39.3 2 1
github.com/hisamcode/try-testing-go/webapp/cmd/web/handlers.go:41.2,45.16 3 1
github.com/hisamcode/try-testing-go/webapp/cmd/web/handlers.go:45.16,47.3 1 0
github.com/hisamcode/try-testing-go/webapp/cmd/web/handlers.go:48.2,48.12 1 1
github.com/hisamcode/try-testing-go/webapp/cmd/web/handlers.go:51.71,53.16 2 0
github.com/hisamcode/try-testing-go/webapp/cmd/web/handlers.go:53.16,57.3 3 0
github.com/hisamcode/try-testing-go/webapp/cmd/web/handlers.go:60.2,63.19 3 0
github.com/hisamcode/try-testing-go/webapp/cmd/web/handlers.go:63.19,66.3 2 0
github.com/hisamcode/try-testing-go/webapp/cmd/web/handlers.go:68.2,73.22 4 0
github.com/hisamcode/try-testing-go/webapp/cmd/web/main.go:14.13,29.16 6 0
github.com/hisamcode/try-testing-go/webapp/cmd/web/main.go:29.16,31.3 1 0
github.com/hisamcode/try-testing-go/webapp/cmd/web/middleware.go:14.67,16.2 1 1
github.com/hisamcode/try-testing-go/webapp/cmd/web/middleware.go:18.72,19.71 1 1
github.com/hisamcode/try-testing-go/webapp/cmd/web/middleware.go:19.71,24.17 2 1
github.com/hisamcode/try-testing-go/webapp/cmd/web/middleware.go:24.17,26.20 2 1
github.com/hisamcode/try-testing-go/webapp/cmd/web/middleware.go:26.20,28.5 1 1
github.com/hisamcode/try-testing-go/webapp/cmd/web/middleware.go:30.3,32.40 2 1
github.com/hisamcode/try-testing-go/webapp/cmd/web/middleware.go:36.45,38.16 2 1
github.com/hisamcode/try-testing-go/webapp/cmd/web/middleware.go:38.16,40.3 1 1
github.com/hisamcode/try-testing-go/webapp/cmd/web/middleware.go:42.2,43.19 2 1
github.com/hisamcode/try-testing-go/webapp/cmd/web/middleware.go:43.19,45.3 1 1
github.com/hisamcode/try-testing-go/webapp/cmd/web/middleware.go:47.2,48.22 2 1
github.com/hisamcode/try-testing-go/webapp/cmd/web/middleware.go:48.22,50.3 1 1
github.com/hisamcode/try-testing-go/webapp/cmd/web/middleware.go:52.2,52.18 1 1
github.com/hisamcode/try-testing-go/webapp/cmd/web/middleware.go:52.18,54.3 1 0
github.com/hisamcode/try-testing-go/webapp/cmd/web/middleware.go:56.2,56.16 1 1
github.com/hisamcode/try-testing-go/webapp/cmd/web/routes.go:10.47,27.2 9 1
github.com/hisamcode/try-testing-go/webapp/cmd/web/sessions.go:10.39,18.2 6 1
