mode: set
github.com/hisamcode/try-testing-go/webapp/cmd/web/forms.go:10.47,12.26 2 1
github.com/hisamcode/try-testing-go/webapp/cmd/web/forms.go:12.26,14.3 1 1
github.com/hisamcode/try-testing-go/webapp/cmd/web/forms.go:16.2,16.22 1 1
github.com/hisamcode/try-testing-go/webapp/cmd/web/forms.go:19.49,21.2 1 1
github.com/hisamcode/try-testing-go/webapp/cmd/web/forms.go:28.37,33.2 1 1
github.com/hisamcode/try-testing-go/webapp/cmd/web/forms.go:35.39,38.2 2 1
github.com/hisamcode/try-testing-go/webapp/cmd/web/forms.go:40.43,41.31 1 1
github.com/hisamcode/try-testing-go/webapp/cmd/web/forms.go:41.31,43.37 2 1
github.com/hisamcode/try-testing-go/webapp/cmd/web/forms.go:43.37,45.4 1 1
github.com/hisamcode/try-testing-go/webapp/cmd/web/forms.go:49.52,50.9 1 1
github.com/hisamcode/try-testing-go/webapp/cmd/web/forms.go:50.9,52.3 1 1
github.com/hisamcode/try-testing-go/webapp/cmd/web/forms.go:55.29,57.2 1 1
github.com/hisamcode/try-testing-go/webapp/cmd/web/handlers.go:14.70,16.2 1 1
github.com/hisamcode/try-testing-go/webapp/cmd/web/handlers.go:23.108,26.16 2 1
github.com/hisamcode/try-testing-go/webapp/cmd/web/handlers.go:26.16,29.3 2 0
github.com/hisamcode/try-testing-go/webapp/cmd/web/handlers.go:31.2,35.16 3 1
github.com/hisamcode/try-testing-go/webapp/cmd/web/handlers.go:35.16,37.3 1 0
github.com/hisamcode/try-testing-go/webapp/cmd/web/handlers.go:38.2,38.12 1 1
github.com/hisamcode/try-testing-go/webapp/cmd/web/handlers.go:41.71,43.16 2 0
github.com/hisamcode/try-testing-go/webapp/cmd/web/handlers.go:43.16,47.3 3 0
github.com/hisamcode/try-testing-go/webapp/cmd/web/handlers.go:49.2,54.22 4 0
github.com/hisamcode/try-testing-go/webapp/cmd/web/main.go:11.13,23.16 5 0
github.com/hisamcode/try-testing-go/webapp/cmd/web/main.go:23.16,25.3 1 0
github.com/hisamcode/try-testing-go/webapp/cmd/web/middleware.go:14.67,16.2 1 1
github.com/hisamcode/try-testing-go/webapp/cmd/web/middleware.go:18.72,19.71 1 1
github.com/hisamcode/try-testing-go/webapp/cmd/web/middleware.go:19.71,24.17 2 1
github.com/hisamcode/try-testing-go/webapp/cmd/web/middleware.go:24.17,26.20 2 1
github.com/hisamcode/try-testing-go/webapp/cmd/web/middleware.go:26.20,28.5 1 1
github.com/hisamcode/try-testing-go/webapp/cmd/web/middleware.go:30.3,32.40 2 1
github.com/hisamcode/try-testing-go/webapp/cmd/web/middleware.go:36.45,38.16 2 1
github.com/hisamcode/try-testing-go/webapp/cmd/web/middleware.go:38.16,40.3 1 1
github.com/hisamcode/try-testing-go/webapp/cmd/web/middleware.go:42.2,43.19 2 1
github.com/hisamcode/try-testing-go/webapp/cmd/web/middleware.go:43.19,45.3 1 1
github.com/hisamcode/try-testing-go/webapp/cmd/web/middleware.go:47.2,48.22 2 1
github.com/hisamcode/try-testing-go/webapp/cmd/web/middleware.go:48.22,50.3 1 1
github.com/hisamcode/try-testing-go/webapp/cmd/web/middleware.go:52.2,52.18 1 1
github.com/hisamcode/try-testing-go/webapp/cmd/web/middleware.go:52.18,54.3 1 0
github.com/hisamcode/try-testing-go/webapp/cmd/web/middleware.go:56.2,56.16 1 1
github.com/hisamcode/try-testing-go/webapp/cmd/web/routes.go:10.47,26.2 8 1
